0 info it worked if it ends with ok
1 verbose cli [ '/usr/local/bin/node',
1 verbose cli   '/usr/local/bin/npm',
1 verbose cli   'owner',
1 verbose cli   'ls',
1 verbose cli   'lab7' ]
2 info using npm@3.10.9
3 info using node@v4.4.7
4 silly mapToRegistry name lab7
5 silly mapToRegistry using default registry
6 silly mapToRegistry registry https://registry.npmjs.org/
7 silly mapToRegistry data Result {
7 silly mapToRegistry   raw: 'lab7',
7 silly mapToRegistry   scope: null,
7 silly mapToRegistry   escapedName: 'lab7',
7 silly mapToRegistry   name: 'lab7',
7 silly mapToRegistry   rawSpec: '',
7 silly mapToRegistry   spec: 'latest',
7 silly mapToRegistry   type: 'tag' }
8 silly mapToRegistry uri https://registry.npmjs.org/lab7
9 verbose request uri https://registry.npmjs.org/lab7
10 verbose request no auth needed
11 info attempt registry request try #1 at 1:14:12 PM
12 verbose request id ef49aa5f192f3d97
13 http request GET https://registry.npmjs.org/lab7
14 http 404 https://registry.npmjs.org/lab7
15 verbose headers { 'content-type': 'application/json',
15 verbose headers   'cache-control': 'max-age=0',
15 verbose headers   'content-length': '2',
15 verbose headers   'accept-ranges': 'bytes',
15 verbose headers   date: 'Sat, 12 Nov 2016 18:14:12 GMT',
15 verbose headers   via: '1.1 varnish',
15 verbose headers   age: '0',
15 verbose headers   connection: 'keep-alive',
15 verbose headers   'x-served-by': 'cache-jfk8135-JFK',
15 verbose headers   'x-cache': 'MISS',
15 verbose headers   'x-cache-hits': '0',
15 verbose headers   'x-timer': 'S1478974452.110168,VS0,VE22',
15 verbose headers   vary: 'Accept-Encoding' }
16 silly get cb [ 404,
16 silly get   { 'content-type': 'application/json',
16 silly get     'cache-control': 'max-age=0',
16 silly get     'content-length': '2',
16 silly get     'accept-ranges': 'bytes',
16 silly get     date: 'Sat, 12 Nov 2016 18:14:12 GMT',
16 silly get     via: '1.1 varnish',
16 silly get     age: '0',
16 silly get     connection: 'keep-alive',
16 silly get     'x-served-by': 'cache-jfk8135-JFK',
16 silly get     'x-cache': 'MISS',
16 silly get     'x-cache-hits': '0',
16 silly get     'x-timer': 'S1478974452.110168,VS0,VE22',
16 silly get     vary: 'Accept-Encoding' } ]
17 error owner ls Couldn't get owner data lab7
18 verbose stack Error: Registry returned 404 for GET on https://registry.npmjs.org/lab7
18 verbose stack     at makeError (/usr/local/lib/node_modules/npm/node_modules/npm-registry-client/lib/request.js:302:12)
18 verbose stack     at CachingRegistryClient.<anonymous> (/usr/local/lib/node_modules/npm/node_modules/npm-registry-client/lib/request.js:280:14)
18 verbose stack     at Request._callback (/usr/local/lib/node_modules/npm/node_modules/npm-registry-client/lib/request.js:210:14)
18 verbose stack     at Request.self.callback (/usr/local/lib/node_modules/npm/node_modules/request/request.js:187:22)
18 verbose stack     at emitTwo (events.js:87:13)
18 verbose stack     at Request.emit (events.js:172:7)
18 verbose stack     at Request.<anonymous> (/usr/local/lib/node_modules/npm/node_modules/request/request.js:1048:10)
18 verbose stack     at emitOne (events.js:77:13)
18 verbose stack     at Request.emit (events.js:169:7)
18 verbose stack     at IncomingMessage.<anonymous> (/usr/local/lib/node_modules/npm/node_modules/request/request.js:969:12)
19 verbose statusCode 404
20 verbose pkgid lab7
21 verbose cwd /Users/jcafiero/Code/HackPrinceton2016
22 error Darwin 16.1.0
23 error argv "/usr/local/bin/node" "/usr/local/bin/npm" "owner" "ls" "lab7"
24 error node v4.4.7
25 error npm  v3.10.9
26 error code E404
27 error 404 Registry returned 404 for GET on https://registry.npmjs.org/lab7
28 error 404
29 error 404 'lab7' is not in the npm registry.
30 error 404 You should bug the author to publish it (or use the name yourself!)
31 error 404 Note that you can also install from a
32 error 404 tarball, folder, http url, or git url.
33 verbose exit [ 1, true ]
